<?xml version="1.0" encoding="UTF-8"?>
<!-- Generated by org.testng.reporters.JUnitReportReporter -->
<testsuite hostname="LIN51008759" failures="0" tests="2" name="Testngproj.AllAnnotation" time="0.015" errors="0" timestamp="2023-05-15T13:57:15 IST" skipped="0">
  <testcase classname="Testngproj.AllAnnotation" name="tm1" time="0.011"/>
  <system-out/>
  <testcase classname="Testngproj.AllAnnotation" name="tm2" time="0.004"/>
  <system-out/>
</testsuite> <!-- Testngproj.AllAnnotation -->
