<?xml version="1.0" encoding="UTF-8"?>
<!-- Generated by org.testng.reporters.JUnitReportReporter -->
<testsuite hostname="LIN51008759" failures="0" tests="3" name="Testngproj.Grouping" time="0.022" errors="0" timestamp="2023-05-18T15:51:46 IST" skipped="0">
  <testcase classname="Testngproj.Grouping" name="signupbyfacebook" time="0.016"/>
  <system-out/>
  <testcase classname="Testngproj.Grouping" name="signupbytwitter" time="0.002"/>
  <system-out/>
  <testcase classname="Testngproj.Grouping" name="paymentreturnbybank" time="0.004"/>
  <system-out/>
</testsuite> <!-- Testngproj.Grouping -->
