<?xml version="1.0" encoding="UTF-8"?>
<!-- Generated by org.testng.reporters.JUnitReportReporter -->
<testsuite hostname="LIN51008759" failures="0" tests="2" name="Testngproj.AnnotationTest" time="0.031" errors="0" timestamp="2023-05-24T12:49:46 IST" skipped="0">
  <testcase classname="Testngproj.AnnotationTest" name="search" time="0.016"/>
  <system-out/>
  <testcase classname="Testngproj.AnnotationTest" name="advancesearch" time="0.015"/>
  <system-out/>
</testsuite> <!-- Testngproj.AnnotationTest -->
