<?xml version="1.0" encoding="UTF-8"?>
<!-- Generated by org.testng.reporters.JUnitReportReporter -->
<testsuite hostname="LIN51008759" failures="0" tests="3" name="Testngproj.NewTest1" time="0.015" errors="0" timestamp="2023-04-26T12:28:34 IST" skipped="0">
  <testcase classname="Testngproj.NewTest1" name="test1" time="0.011"/>
  <system-out/>
  <testcase classname="Testngproj.NewTest1" name="test2" time="0.002"/>
  <system-out/>
  <testcase classname="Testngproj.NewTest1" name="test3" time="0.002"/>
  <system-out/>
</testsuite> <!-- Testngproj.NewTest1 -->
