<?xml version="1.0" encoding="UTF-8"?>
<!-- Generated by org.testng.reporters.JUnitReportReporter -->
<testsuite hostname="LIN51008759" failures="0" tests="5" name="Testngproj.InvocatinCountdemo" time="0.016" errors="0" timestamp="2023-05-18T16:44:46 IST" skipped="0">
  <testcase classname="Testngproj.InvocatinCountdemo" name="demo" time="0.002"/>
  <system-out/>
  <testcase classname="Testngproj.InvocatinCountdemo" name="demo" time="0.011"/>
  <system-out/>
  <testcase classname="Testngproj.InvocatinCountdemo" name="demo" time="0.001"/>
  <system-out/>
  <testcase classname="Testngproj.InvocatinCountdemo" name="demo" time="0.001"/>
  <system-out/>
  <testcase classname="Testngproj.InvocatinCountdemo" name="demo" time="0.001"/>
  <system-out/>
</testsuite> <!-- Testngproj.InvocatinCountdemo -->
