<?xml version="1.0" encoding="UTF-8"?>
<!-- Generated by org.testng.reporters.JUnitReportReporter -->
<testsuite hostname="LIN51008759" failures="0" tests="2" name="Testngproj.DataProviderDemo" time="4.607" errors="0" timestamp="2023-04-26T12:14:47 IST" skipped="0">
  <testcase classname="Testngproj.DataProviderDemo" name="testLogine" time="3.030"/>
  <system-out/>
  <testcase classname="Testngproj.DataProviderDemo" name="testLogine" time="1.577"/>
  <system-out/>
</testsuite> <!-- Testngproj.DataProviderDemo -->
