<?xml version="1.0" encoding="UTF-8"?>
<!-- Generated by org.testng.reporters.JUnitReportReporter -->
<testsuite hostname="LIN51008759" failures="0" tests="3" name="Testngproj.NewTest" time="16.316" errors="0" timestamp="2023-04-24T13:18:11 IST" skipped="0">
  <testcase classname="Testngproj.NewTest" name="open" time="12.912"/>
  <system-out/>
  <testcase classname="Testngproj.NewTest" name="login" time="3.236"/>
  <system-out/>
  <testcase classname="Testngproj.NewTest" name="close" time="0.168"/>
  <system-out/>
</testsuite> <!-- Testngproj.NewTest -->
